"../../../Engine/Content/ArtTools/RenderToTexture/Enums/RenderToTexture_Enum.uasset" 0
"../../../Engine/Content/ArtTools/RenderToTexture/Enums/RenderToTexture_Flipbook_Enum.uasset" 1
"../../../Engine/Content/ArtTools/RenderToTexture/Enums/RenderToTexture_Imposter_Enum.uasset" 2
"../../../Engine/Content/EditorBlueprintResources/StandardMacros.uasset" 3
"../../../Engine/Content/ArtTools/RenderToTexture/Enums/EIntTypes.uasset" 4
"../../../Engine/Content/ArtTools/RenderToTexture/Macros/RenderToTextureFunctionLibrary.uasset" 5
"../../../Engine/Content/ArtTools/RenderToTexture/Enums/EFloatTypes.uasset" 6
"../../../Engine/Content/ArtTools/RenderToTexture/Macros/RenderToTextureMacros.uasset" 7
"../../../Engine/Content/Functions/Engine_MaterialFunctions01/Opacity/CameraDepthFade.uasset" 8
"../../../Engine/Content/EngineMaterials/T_Default_Material_Grid_M.uasset" 9
"../../../Engine/Content/EngineMaterials/T_Default_Material_Grid_N.uasset" 10
"../../../Engine/Content/EngineMaterials/WorldGridMaterial.uasset" 11
"../../../Engine/Content/ArtTools/RenderToTexture/Meshes/S_1_Unit_Plane.uasset" 12
"../../../Engine/Content/EngineMaterials/DefaultMaterial.uasset" 13
"../../../Engine/Content/BasicShapes/Cone.uasset" 14
"../../../Engine/Content/BasicShapes/Cube.uasset" 15
"../../../Engine/Content/BasicShapes/Cylinder.uasset" 16
"../../../Engine/Content/BasicShapes/Plane.uasset" 17
"../../../Engine/Content/BasicShapes/Sphere.uasset" 18
"../../../Engine/Content/EngineMaterials/DefaultPhysicalMaterial.uasset" 19
"../../../Engine/Content/BufferVisualization/AmbientOcclusion.uasset" 20
"../../../Engine/Content/BufferVisualization/BaseColor.uasset" 21
"../../../Engine/Content/BufferVisualization/CustomDepth.uasset" 22
"../../../Engine/Content/Functions/Engine_MaterialFunctions02/Utility/VectorLength.uasset" 23
"../../../Engine/Content/BufferVisualization/CustomDepthWorldUnits.uasset" 24
"../../../Engine/Content/Functions/Engine_MaterialFunctions02/Utility/BreakOutFloat2Components.uasset" 25
"../../../Engine/Content/Functions/Engine_MaterialFunctions01/Texturing/ScaleUVsByCenter.uasset" 26
"../../../Engine/Content/Functions/Engine_MaterialFunctions02/ScreenResolution.uasset" 27
"../../../Engine/Content/Functions/Engine_MaterialFunctions02/Texturing/ScreenAlignedUVs.uasset" 28
"../../../Engine/Content/Functions/Engine_MaterialFunctions02/Utility/MakeFloat2.uasset" 29
"../../../Engine/Content/Functions/Engine_MaterialFunctions02/Utility/MakeFloat3.uasset" 30
"../../../Engine/Content/EngineMaterials/MiniFont.uasset" 31
"../../../Engine/Content/BufferVisualization/CustomStencil.uasset" 32
"../../../Engine/Content/BufferVisualization/FinalImage.uasset" 33
"../../../Engine/Content/BufferVisualization/LightingModel.uasset" 34
"../../../Engine/Content/BufferVisualization/MaterialAO.uasset" 35
"../../../Engine/Content/BufferVisualization/Metallic.uasset" 36
"../../../Engine/Content/BufferVisualization/Opacity.uasset" 37
"../../../Engine/Content/BufferVisualization/PostTonemapHDRColor.uasset" 38
"../../../Engine/Content/BufferVisualization/PreTonemapHDRColor.uasset" 39
"../../../Engine/Content/BufferVisualization/Roughness.uasset" 40
"../../../Engine/Content/BufferVisualization/SceneColor.uasset" 41
"../../../Engine/Content/BufferVisualization/SceneDepth.uasset" 42
"../../../Engine/Content/BufferVisualization/SceneDepthWorldUnits.uasset" 43
"../../../Engine/Content/BufferVisualization/SeparateTranslucencyA.uasset" 44
"../../../Engine/Content/BufferVisualization/SeparateTranslucencyRGB.uasset" 45
"../../../Engine/Content/BufferVisualization/Specular.uasset" 46
"../../../Engine/Content/BufferVisualization/SubsurfaceColor.uasset" 47
"../../../Engine/Content/BufferVisualization/WorldNormal.uasset" 48
"../../../Engine/Content/EditorBlueprintResources/ActorMacros.uasset" 49
"../../../Engine/Content/EditorLandscapeResources/DataLayer.uasset" 50
"../../../Engine/Content/EditorLandscapeResources/DefaultAlphaTexture.uasset" 51
"../../../Engine/Content/EditorLandscapeResources/LandscapeGizmoHeight_Mat.uasset" 52
"../../../Engine/Content/EditorLandscapeResources/LandscapeGizmo_Mat.uasset" 53
"../../../Engine/Content/EditorLandscapeResources/LandscapeGizmo_Mat_Copied.uasset" 54
"../../../Engine/Content/EditorLandscapeResources/SplineEditorMeshMat.uasset" 55
"../../../Engine/Content/EditorLandscapeResources/SplineEditorMesh.uasset" 56
"../../../Engine/Content/EditorMaterials/Cross.uasset" 57
"../../../Engine/Content/EditorMaterials/Cross_Mat.uasset" 58
"../../../Engine/Content/EditorMaterials/GizmoMaterial.uasset" 59
"../../../Engine/Content/Functions/Engine_MaterialFunctions02/Utility/Sign.uasset" 60
"../../../Engine/Content/Functions/Engine_MaterialFunctions02/Utility/Round.uasset" 61
"../../../Engine/Content/Functions/Engine_MaterialFunctions02/ExampleContent/Textures/flipbook.uasset" 62
"../../../Engine/Content/Functions/Engine_MaterialFunctions02/Texturing/FlipBook.uasset" 63
"../../../Engine/Content/EditorResources/T_EditorHelp.uasset" 64
"../../../Engine/Content/EditorMaterials/HelpActorMaterial.uasset" 65
"../../../Engine/Content/EditorMaterials/CompositeARGBLayer.uasset" 66
"../../../Engine/Content/EditorMaterials/TilingAALineIntegral.uasset" 67
"../../../Engine/Content/EditorMaterials/TilingAALineBoxFiltered.uasset" 68
"../../../Engine/Content/Functions/Engine_MaterialFunctions03/Procedurals/ComputeFilterWidth.uasset" 69
"../../../Engine/Content/EditorMaterials/TilingAADots.uasset" 70
"../../../Engine/Content/EditorMaterials/Cascade/CASC_Cross.uasset" 71
"../../../Engine/Content/EditorMaterials/Cascade/CASC_None.uasset" 72
"../../../Engine/Content/Functions/Engine_MaterialFunctions03/Blends/Blend_Screen.uasset" 73
"../../../Engine/Content/EditorMaterials/TilingAAGrid.uasset" 74
"../../../Engine/Content/EditorMaterials/LevelGridMaterial.uasset" 75
"../../../Engine/Content/EditorMaterials/MakeCompositeARGBLayer.uasset" 76
"../../../Engine/Content/EditorResources/LevelGrid1DStripes.uasset" 77
"../../../Engine/Content/EditorMaterials/TextureGridCascaded1D.uasset" 78
"../../../Engine/Content/EditorMaterials/TextureGridCascaded2D.uasset" 79
"../../../Engine/Content/EditorMaterials/LevelGridMaterial2.uasset" 80
"../../../Engine/Content/EditorMaterials/MAT_Groups_Toggle.uasset" 81
"../../../Engine/Content/EditorMaterials/MAT_Groups_Visibility.uasset" 82
"../../../Engine/Content/EditorMaterials/AntialiasedGridFloor.uasset" 83
"../../../Engine/Content/EditorResources/TilePatine_D.uasset" 84
"../../../Engine/Content/EditorResources/TilePatine_N.uasset" 85
"../../../Engine/Content/EngineMaterials/Grid.uasset" 86
"../../../Engine/Content/EditorMaterials/PersonaFloorMat.uasset" 87
"../../../Engine/Content/EditorMaterials/PhAT_BoneSelectedMaterial.uasset" 88
"../../../Engine/Content/EditorMaterials/PhAT_ElemSelectedMaterial.uasset" 89
"../../../Engine/Content/EditorMaterials/PhAT_NoCollisionMaterial.uasset" 90
"../../../Engine/Content/EditorMaterials/PhAT_UnselectedMaterial.uasset" 91
"../../../Engine/Content/EditorMaterials/PreviewShadowIndicator.uasset" 92
"../../../Engine/Content/EditorMaterials/PreviewShadowIndicatorMaterial.uasset" 93
"../../../Engine/Content/EditorMaterials/TargetIcon.uasset" 94
"../../../Engine/Content/EditorMaterials/Tick.uasset" 95
"../../../Engine/Content/EditorMaterials/Tick_Mat.uasset" 96
"../../../Engine/Content/EditorMaterials/WidgetGridVertexColorMaterial.uasset" 97
"../../../Engine/Content/EditorMaterials/WidgetGridVertexColorMaterial_Ma.uasset" 98
"../../../Engine/Content/EditorMaterials/WidgetMaterial.uasset" 99
"../../../Engine/Content/EditorMaterials/WidgetMaterial_Current.uasset" 100
"../../../Engine/Content/EditorMaterials/WidgetMaterial_X.uasset" 101
"../../../Engine/Content/EditorMaterials/WidgetMaterial_Y.uasset" 102
"../../../Engine/Content/EditorMaterials/WidgetMaterial_Z.uasset" 103
"../../../Engine/Content/EditorMaterials/WidgetVertexColorMaterial.uasset" 104
"../../../Engine/Content/EditorMaterials/MatineeGroups/MAT_ColorTrack.uasset" 105
"../../../Engine/Content/EditorMaterials/MatineeGroups/MAT_Groups_Anim.uasset" 106
"../../../Engine/Content/EditorMaterials/MatineeGroups/MAT_Groups_AudioMaster.uasset" 107
"../../../Engine/Content/EditorMaterials/MatineeGroups/MAT_Groups_Director.uasset" 108
"../../../Engine/Content/EditorMaterials/MatineeGroups/MAT_Groups_Event.uasset" 109
"../../../Engine/Content/EditorMaterials/MatineeGroups/MAT_Groups_Fade.uasset" 110
"../../../Engine/Content/EditorMaterials/MatineeGroups/MAT_Groups_Float.uasset" 111
"../../../Engine/Content/EditorMaterials/MatineeGroups/MAT_Groups_Move.uasset" 112
"../../../Engine/Content/EditorMaterials/MatineeGroups/MAT_Groups_Slomo.uasset" 113
"../../../Engine/Content/EditorMaterials/MatineeGroups/MAT_Groups_Sound.uasset" 114
"../../../Engine/Content/EditorMaterials/MatineeGroups/MAT_Groups_Vector.uasset" 115
"../../../Engine/Content/EditorMaterials/ParticleSystems/PSysThumbnail_NoImage.uasset" 116
"../../../Engine/Content/EditorMaterials/ParticleSystems/PSysThumbnail_OOD.uasset" 117
"../../../Engine/Content/EditorMaterials/Thumbnails/FloorPlaneMaterial.uasset" 118
"../../../Engine/Content/EditorMeshes/EditorCube.uasset" 119
"../../../Engine/Content/EditorMeshes/EditorCylinder.uasset" 120
"../../../Engine/Content/EditorMeshes/EditorPlane.uasset" 121
"../../../Engine/Content/EditorMaterials/Thumbnails/SkySphereMaterial.uasset" 122
"../../../Engine/Content/EditorMeshes/EditorSkySphere.uasset" 123
"../../../Engine/Content/EditorMeshes/EditorSphere.uasset" 124
"../../../Engine/Content/EditorResources/MatineeCam_D.uasset" 125
"../../../Engine/Content/EditorMaterials/MatineeCam_mat.uasset" 126
"../../../Engine/Content/EditorMeshes/MatineeCam_SM.uasset" 127
"../../../Engine/Content/Functions/Engine_MaterialFunctions01/Shading/ConvertFromDiffSpec.uasset" 128
"../../../Engine/Content/EditorMaterials/GridMaterial.uasset" 129
"../../../Engine/Content/EditorMeshes/PhAT_FloorBox.uasset" 130
"../../../Engine/Content/EditorMaterials/Camera/CineMat.uasset" 131
"../../../Engine/Content/EditorMaterials/Camera/MI_CineMat_CameraBody.uasset" 132
"../../../Engine/Content/EngineDebugMaterials/M_SimpleOpaque.uasset" 133
"../../../Engine/Content/EditorMaterials/Camera/MI_CineMat_CamViewFinder.uasset" 134
"../../../Engine/Content/EditorMeshes/Camera/SM_CineCam.uasset" 135
"../../../Engine/Content/EditorMaterials/Camera/MI_CineMat_Rig.uasset" 136
"../../../Engine/Content/EditorMeshes/Camera/SM_CraneRig_Arm.uasset" 137
"../../../Engine/Content/EditorMeshes/Camera/SM_CraneRig_Base.uasset" 138
"../../../Engine/Content/EditorMeshes/Camera/SM_CraneRig_Body.uasset" 139
"../../../Engine/Content/EditorMeshes/Camera/SM_CraneRig_Mount.uasset" 140
"../../../Engine/Content/EditorMeshes/Camera/SM_RailRig_Mount.uasset" 141
"../../../Engine/Content/EditorMeshes/Camera/SM_RailRig_Track.uasset" 142
"../../../Engine/Content/EditorMeshes/ColorCalibrator/M_ChromeBall.uasset" 143
"../../../Engine/Content/EditorMeshes/ColorCalibrator/M_ClearCoat.uasset" 144
"../../../Engine/Content/EditorMeshes/ColorCalibrator/M_ClearCoatBlack.uasset" 145
"../../../Engine/Content/EditorMeshes/ColorCalibrator/Color_checker.uasset" 146
"../../../Engine/Content/EditorMeshes/ColorCalibrator/M_ColorGrid.uasset" 147
"../../../Engine/Content/EditorMeshes/ColorCalibrator/M_GreyBall.uasset" 148
"../../../Engine/Content/EditorMeshes/ColorCalibrator/SM_ColorCalibrator.uasset" 149
"../../../Engine/Content/EditorResources/Bad.uasset" 150
"../../../Engine/Content/EditorResources/BadBlueprintSprite.uasset" 151
"../../../Engine/Content/EditorResources/BSPVertex.uasset" 152
"../../../Engine/Content/EditorResources/EmptyActor.uasset" 153
"../../../Engine/Content/EditorResources/MatInstActSprite.uasset" 154
"../../../Engine/Content/EditorResources/SceneManager.uasset" 155
"../../../Engine/Content/EditorResources/SmallFont.uasset" 156
"../../../Engine/Content/EditorResources/S_Actor.uasset" 157
"../../../Engine/Content/EditorResources/S_DecalActorIcon.uasset" 158
"../../../Engine/Content/EditorResources/S_Emitter.uasset" 159
"../../../Engine/Content/EditorResources/S_ExpoHeightFog.uasset" 160
"../../../Engine/Content/EditorResources/S_FTest.uasset" 161
"../../../Engine/Content/EditorResources/S_KBSJoint.uasset" 162
"../../../Engine/Content/EditorResources/S_KHinge.uasset" 163
"../../../Engine/Content/EditorResources/S_KPrismatic.uasset" 164
"../../../Engine/Content/EditorResources/S_LevelSequence.uasset" 165
"../../../Engine/Content/EditorResources/S_NavP.uasset" 166
"../../../Engine/Content/EditorResources/S_Note.uasset" 167
"../../../Engine/Content/EditorResources/S_Player.uasset" 168
"../../../Engine/Content/EditorResources/S_PortalActorIcon2.uasset" 169
"../../../Engine/Content/EditorResources/S_RadForce.uasset" 170
"../../../Engine/Content/EditorResources/S_ReflActorIcon.uasset" 171
"../../../Engine/Content/EditorResources/S_Terrain.uasset" 172
"../../../Engine/Content/EditorResources/S_TextRenderActorIcon.uasset" 173
"../../../Engine/Content/EditorResources/S_Thruster.uasset" 174
"../../../Engine/Content/EditorResources/S_Trigger.uasset" 175
"../../../Engine/Content/EditorResources/S_VectorFieldVol.uasset" 176
"../../../Engine/Content/EditorResources/S_WindDirectional.uasset" 177
"../../../Engine/Content/EditorResources/AI/S_NavLink.uasset" 178
"../../../Engine/Content/EditorResources/LightIcons/SkyLight.uasset" 179
"../../../Engine/Content/EditorResources/LightIcons/S_LightDirectional.uasset" 180
"../../../Engine/Content/EditorResources/LightIcons/S_LightDirectionalMove.uasset" 181
"../../../Engine/Content/EditorResources/LightIcons/S_LightError.uasset" 182
"../../../Engine/Content/EditorResources/LightIcons/S_LightPoint.uasset" 183
"../../../Engine/Content/EditorResources/LightIcons/S_LightPointMove.uasset" 184
"../../../Engine/Content/EditorResources/LightIcons/S_LightSpot.uasset" 185
"../../../Engine/Content/EditorResources/LightIcons/S_LightSpotMove.uasset" 186
"../../../Engine/Content/EditorResources/SequenceRecorder/Countdown.uasset" 187
"../../../Engine/Content/EditorResources/SequenceRecorder/RecordingIndicator.uasset" 188
"../../../Engine/Content/EditorResources/Spline/T_Loft_Spline.uasset" 189
"../../../Engine/Content/EditorSounds/Notifications/CompileFailed.uasset" 190
"../../../Engine/Content/EditorSounds/Notifications/CompileFailed_Cue.uasset" 191
"../../../Engine/Content/EditorSounds/Notifications/CompileSuccess.uasset" 192
"../../../Engine/Content/EditorSounds/Notifications/CompileStart_Cue.uasset" 193
"../../../Engine/Content/EditorSounds/Notifications/CompileSuccess_Cue.uasset" 194
"../../../Engine/Content/EngineDamageTypes/DmgTypeBP_Environmental.uasset" 195
"../../../Engine/Content/EngineDebugMaterials/HeatmapGradient.uasset" 196
"../../../Engine/Content/EngineDebugMaterials/BoneWeightMaterial.uasset" 197
"../../../Engine/Content/EngineDebugMaterials/ClothMaterial.uasset" 198
"../../../Engine/Content/EngineDebugMaterials/ClothMaterial_WF.uasset" 199
"../../../Engine/Content/EngineDebugMaterials/DebugEditorMaterial.uasset" 200
"../../../Engine/Content/EngineDebugMaterials/DebugMeshMaterial.uasset" 201
"../../../Engine/Content/EngineDebugMaterials/GeomMaterial.uasset" 202
"../../../Engine/Content/EngineDebugMaterials/LevelColorationLitMaterial.uasset" 203
"../../../Engine/Content/EngineDebugMaterials/LevelColorationUnlitMaterial.uasset" 204
"../../../Engine/Content/EngineMaterials/DefaultWhiteGrid.uasset" 205
"../../../Engine/Content/EngineDebugMaterials/MAT_LevelColorationLitLightmapUV.uasset" 206
"../../../Engine/Content/EngineDebugMaterials/M_SimpleTranslucent.uasset" 207
"../../../Engine/Content/EngineDebugMaterials/ShadedLevelColorationLitMaterial.uasset" 208
"../../../Engine/Content/EngineDebugMaterials/ShadedLevelColorationUnlitMateri.uasset" 209
"../../../Engine/Content/EngineDebugMaterials/VertexColorMaterial.uasset" 210
"../../../Engine/Content/EngineDebugMaterials/VertexColorViewMode_AlphaAsColor.uasset" 211
"../../../Engine/Content/EngineDebugMaterials/VertexColorViewMode_BlueOnly.uasset" 212
"../../../Engine/Content/EngineDebugMaterials/VertexColorViewMode_ColorOnly.uasset" 213
"../../../Engine/Content/EngineDebugMaterials/VertexColorViewMode_GreenOnly.uasset" 214
"../../../Engine/Content/EngineDebugMaterials/VertexColorViewMode_RedOnly.uasset" 215
"../../../Engine/Content/EngineDebugMaterials/WireframeMaterial.uasset" 216
"../../../Engine/Content/EngineFonts/Faces/RobotoBold.uasset" 217
"../../../Engine/Content/EngineFonts/Faces/RobotoBoldItalic.uasset" 218
"../../../Engine/Content/EngineFonts/Faces/RobotoItalic.uasset" 219
"../../../Engine/Content/EngineFonts/Faces/RobotoLight.uasset" 220
"../../../Engine/Content/EngineFonts/Faces/RobotoRegular.uasset" 221
"../../../Engine/Content/EngineFonts/Roboto.uasset" 222
"../../../Engine/Content/EngineFonts/Faces/RobotoTiny.uasset" 223
"../../../Engine/Content/EngineFonts/RobotoTiny.uasset" 224
"../../../Engine/Content/EngineFonts/SmallFont.uasset" 225
"../../../Engine/Content/EngineFonts/TinyFont.uasset" 226
"../../../Engine/Content/EngineResources/WhiteSquareTexture.uasset" 227
"../../../Engine/Content/EngineMaterials/BlinkingCaret.uasset" 228
"../../../Engine/Content/EngineMaterials/DefaultBloomKernel.uasset" 229
"../../../Engine/Content/EngineMaterials/DefaultBokeh.uasset" 230
"../../../Engine/Content/EngineMaterials/DefaultDiffuse.uasset" 231
"../../../Engine/Content/EngineMaterials/DefaultDeferredDecalMaterial.uasset" 232
"../../../Engine/Content/EngineMaterials/DefaultLightFunctionMaterial.uasset" 233
"../../../Engine/Content/EngineMaterials/DefaultNormal.uasset" 234
"../../../Engine/Content/EngineMaterials/DefaultPostProcessMaterial.uasset" 235
"../../../Engine/Content/EngineFonts/RobotoDistanceField.uasset" 236
"../../../Engine/Content/EngineMaterials/DefaultTextMaterialOpaque.uasset" 237
"../../../Engine/Content/EngineMaterials/EditorBrushMaterial.uasset" 238
"../../../Engine/Content/EngineMaterials/Good64x64TilingNoiseHighFreq.uasset" 239
"../../../Engine/Content/EngineMaterials/Grid_N.uasset" 240
"../../../Engine/Content/EngineMaterials/HighResolutionScreenshotMaskFunction.uasset" 241
"../../../Engine/Content/EngineMaterials/HighResScreenshot.uasset" 242
"../../../Engine/Content/EngineMaterials/HighResScreenshotCaptureRegion.uasset" 243
"../../../Engine/Content/EngineMaterials/HighResScreenshotMask.uasset" 244
"../../../Engine/Content/EngineMaterials/LandscapeHolePhysicalMaterial.uasset" 245
"../../../Engine/Content/EngineMaterials/InvalidLightmapSettings.uasset" 246
"../../../Engine/Content/EngineMaterials/M_InvalidLightmapSettings.uasset" 247
"../../../Engine/Content/EngineMaterials/PaperDiffuse.uasset" 248
"../../../Engine/Content/EngineMaterials/PaperNormal.uasset" 249
"../../../Engine/Content/Functions/Engine_MaterialFunctions02/WorldPositionOffset/CameraOffset.uasset" 250
"../../../Engine/Content/EngineMaterials/PhAT_JointLimitMaterial.uasset" 251
"../../../Engine/Content/EngineMaterials/PhysMat_Rubber.uasset" 252
"../../../Engine/Content/EngineMaterials/PreintegratedSkinBRDF.uasset" 253
"../../../Engine/Content/EngineMaterials/RemoveSurfaceMaterial.uasset" 254
"../../../Engine/Content/EngineMaterials/WeightMapPlaceholderTexture.uasset" 255
"../../../Engine/Content/EngineMaterials/Widget3DPassThrough.uasset" 256
"../../../Engine/Content/EngineMaterials/Widget3DPassThrough_Masked.uasset" 257
"../../../Engine/Content/EngineMaterials/Widget3DPassThrough_Opaque.uasset" 258
"../../../Engine/Content/EngineMaterials/Widget3DPassThrough_Masked_OneSided.uasset" 259
"../../../Engine/Content/EngineMaterials/Widget3DPassThrough_Opaque_OneSided.uasset" 260
"../../../Engine/Content/EngineMaterials/Widget3DPassThrough_Translucent.uasset" 261
"../../../Engine/Content/EngineMaterials/Widget3DPassThrough_Translucent_OneSided.uasset" 262
"../../../Engine/Content/EngineMeshes/Cube.uasset" 263
"../../../Engine/Content/EngineMeshes/Cylinder.uasset" 264
"../../../Engine/Content/EngineMeshes/Sphere.uasset" 265
"../../../Engine/Content/EngineResources/Black.uasset" 266
"../../../Engine/Content/EngineResources/DefaultTexture.uasset" 267
"../../../Engine/Content/EngineResources/DefaultTextureCube.uasset" 268
"../../../Engine/Content/EngineResources/GradientTexture0.uasset" 269
"../../../Engine/Content/EngineResources/StreamingPauseIcon.uasset" 270
"../../../Engine/Content/EngineResources/M_StreamingPause.uasset" 271
"../../../Engine/Content/EngineSounds/Master.uasset" 272
"../../../Engine/Content/Functions/Engine_MaterialFunctions01/Shading/PowerToRoughness.uasset" 273
"../../../Engine/Content/Maps/Templates/Thumbnails/Default.uasset" 274
"../../../Engine/Content/Maps/Templates/Thumbnails/VR-Basic.uasset" 275
"../../../Engine/Content/MapTemplates/Sky/DaylightAmbientCubemap.uasset" 276
"../../../Engine/Content/MobileResources/T_MobileControls_texture.uasset" 277
"../../../Engine/Content/MobileResources/T_MobileMenu2.uasset" 278
"../../../Engine/Content/MobileResources/HUD/AnalogHat.uasset" 279
"../../../Engine/Content/MobileResources/HUD/VirtualJoystick_Background.uasset" 280
"../../../Engine/Content/MobileResources/HUD/VirtualJoystick_Thumb.uasset" 281
"../../../Engine/Content/MobileResources/HUD/DefaultVirtualJoysticks.uasset" 282
"../../../Engine/Content/MobileResources/HUD/LeftVirtualJoystickOnly.uasset" 283
"../../../Engine/Content/MobileResources/HUD/MobileHUDButton1_off.uasset" 284
"../../../Engine/Content/MobileResources/HUD/MobileHUDButton1_on.uasset" 285
"../../../Engine/Content/MobileResources/HUD/MobileHUDButton2_off.uasset" 286
"../../../Engine/Content/MobileResources/HUD/MobileHUDButton2_on.uasset" 287
"../../../Engine/Content/MobileResources/HUD/MobileHUDButton3.uasset" 288
"../../../Engine/Content/MobileResources/HUD/MobileHUDButtonFire.uasset" 289
"../../../Engine/Content/MobileResources/HUD/MobileHUDDirectionPad.uasset" 290
"../../../Engine/Content/MobileResources/HUD/MobileHUDDirectionPad2.uasset" 291
"../../../Engine/Content/MobileResources/HUD/MobileHUDDirectionPad3.uasset" 292
"../../../Engine/Content/MobileResources/HUD/MobileHUDDirectionStick.uasset" 293
"../../../Engine/Content/MobileResources/HUD/T_Castle_ThumbstickInner.uasset" 294
"../../../Engine/Content/MobileResources/HUD/T_Castle_ThumbstickOutter.uasset" 295
"../../../Engine/Content/Tutorial/ContentIntroCurve.uasset" 296
"../../../Engine/Content/Tutorial/Basics/TutorialAssets/icon_tab_Levels_40x.uasset" 297
"../../../Engine/Content/Tutorial/BlueprintTutorials/TutorialAssets/BlueprintInterface_64x.uasset" 298
"../../../Engine/Content/Tutorial/BlueprintTutorials/TutorialAssets/BlueprintMacroLibrary_64x.uasset" 299
"../../../Engine/Content/Tutorial/BlueprintTutorials/TutorialAssets/Blueprint_64x.uasset" 300
"../../../Engine/Content/Tutorial/BlueprintTutorials/TutorialAssets/Tutorial_BP_Interface.uasset" 301
"../../../Engine/Content/Tutorial/Foliage/TutorialAssets/Foliage.uasset" 302
"../../../Engine/Content/Tutorial/Landscape/TutorialAssets/Landscape.uasset" 303
"../../../Engine/Content/Tutorial/Paper2D/TutorialAssets/Paper2DFlipbook_TutorialIcon.uasset" 304
"../../../Engine/Content/Tutorial/Paper2D/TutorialAssets/Paper2DSprite_TutorialIcon.uasset" 305
"../../../Engine/Content/Tutorial/SubEditors/TutorialAssets/icon_Editor_Preferences_General_40x.uasset" 306
"../../../Engine/Content/Tutorial/SubEditors/TutorialAssets/icon_ShowSkeletalMeshes_40x.uasset" 307
"../../../Engine/Content/Tutorial/SubEditors/TutorialAssets/TutorialMaterial.uasset" 308
"../../../Engine/Content/Tutorial/SubEditors/TutorialAssets/T_SmokeSubUV_8X8.uasset" 309
"../../../Engine/Content/Tutorial/SubEditors/TutorialAssets/T_soft_smoke.uasset" 310
"../../../Engine/Content/Tutorial/SubEditors/TutorialAssets/M_smoke_subUV_blackbody.uasset" 311
"../../../Engine/Content/Tutorial/SubEditors/TutorialAssets/TutorialParticleSystem.uasset" 312
"../../../Engine/Content/VREditor/Devices/Generic/GenericHMDMaterial.uasset" 313
"../../../Engine/Content/VREditor/Devices/Generic/GenericHMD.uasset" 314
"../../../Engine/Content/VREditor/FloatingText/LineMaterial.uasset" 315
"../../../Engine/Content/VREditor/FloatingText/JointSphere.uasset" 316
"../../../Engine/Content/VREditor/FloatingText/LineSegmentCylinder.uasset" 317
"../../../Engine/Content/VREditor/Fonts/VRText_RobotoLarge.uasset" 318
"../../../Engine/Content/VREditor/Fonts/VRTextMaterial.uasset" 319
"../../../Engine/Content/VREditor/Fonts/TranslucentVRTextMaterial.uasset" 320
"../../../Engine/Content/VREditor/LaserPointer/CursorPointer.uasset" 321
"../../../Engine/Content/VREditor/LaserPointer/VR_LaserPower_01.uasset" 322
"../../../Engine/Content/VREditor/TransformGizmo/TransformGizmoMaterial.uasset" 323
"../../../Engine/Content/VREditor/LaserPointer/HoverMaterial.uasset" 324
"../../../Engine/Content/VREditor/TransformGizmo/TranslucentTransformGizmoMaterial.uasset" 325
"../../../Engine/Content/VREditor/LaserPointer/TranslucentHoverMaterial.uasset" 326
"../../../Engine/Content/VREditor/LaserPointer/HoverMesh.uasset" 327
"../../../Engine/Content/VREditor/LaserPointer/LaserPointerMaterial.uasset" 328
"../../../Engine/Content/VREditor/LaserPointer/LaserPointerMaterialInst.uasset" 329
"../../../Engine/Content/VREditor/LaserPointer/TranslucentLaserPointerMaterialInst.uasset" 330
"../../../Engine/Content/VREditor/LaserPointer/LaserPointerMesh.uasset" 331
"../../../Engine/Content/VREditor/LaserPointer/LaserPointerMesh_End.uasset" 332
"../../../Engine/Content/VREditor/LaserPointer/LaserPointerMesh_Start.uasset" 333
"../../../Engine/Content/Functions/Engine_MaterialFunctions02/Utility/BreakOutFloat3Components.uasset" 334
"../../../Engine/Content/Functions/Engine_MaterialFunctions02/Math/Transform3x3Matrix.uasset" 335
"../../../Engine/Content/Functions/Engine_MaterialFunctions02/SplitComponents.uasset" 336
"../../../Engine/Content/VREditor/SnapGrid/SnapGridMaterial.uasset" 337
"../../../Engine/Content/VREditor/SnapGrid/SnapGridPlaneMesh.uasset" 338
"../../../Engine/Content/VREditor/Sounds/VR_teleport.uasset" 339
"../../../Engine/Content/VREditor/Sounds/UI/Click_on_Button_Cue.uasset" 340
"../../../Engine/Content/VREditor/Sounds/UI/Dockable_Window_Close.uasset" 341
"../../../Engine/Content/VREditor/Sounds/UI/Dockable_Window_Drop.uasset" 342
"../../../Engine/Content/VREditor/Sounds/UI/Dockable_Window_Open.uasset" 343
"../../../Engine/Content/VREditor/Sounds/UI/Dockable_Window_Pick_Up.uasset" 344
"../../../Engine/Content/VREditor/Sounds/UI/Drop_Item_From_ContentBrowser.uasset" 345
"../../../Engine/Content/VREditor/Sounds/UI/Floating_UI_Open-001.uasset" 346
"../../../Engine/Content/VREditor/Sounds/UI/Gizmo_Handle_Clicked.uasset" 347
"../../../Engine/Content/VREditor/Sounds/UI/Object_PickUp.uasset" 348
"../../../Engine/Content/VREditor/Sounds/UI/Object_Snaps_To_Another_Actor.uasset" 349
"../../../Engine/Content/VREditor/Sounds/UI/Object_Snaps_To_Grid.uasset" 350
"../../../Engine/Content/VREditor/Sounds/UI/Radial_Menu_FadeOut.uasset" 351
"../../../Engine/Content/VREditor/Sounds/UI/Scaling_Down.uasset" 352
"../../../Engine/Content/VREditor/Sounds/UI/Scaling_Up.uasset" 353
"../../../Engine/Content/VREditor/Sounds/UI/Selection_Changes.uasset" 354
"../../../Engine/Content/VREditor/Sounds/UI/Teleport_Mode_Entered.uasset" 355
"../../../Engine/Content/VREditor/Teleport/TeleportDirectionMaterial.uasset" 356
"../../../Engine/Content/VREditor/Teleport/TeleportDirectionMaterial_Inst.uasset" 357
"../../../Engine/Content/VREditor/Teleport/TeleportDirectionMesh.uasset" 358
"../../../Engine/Content/VREditor/TransformGizmo/BoundingBoxCorner.uasset" 359
"../../../Engine/Content/VREditor/TransformGizmo/BoundingBoxEdge.uasset" 360
"../../../Engine/Content/VREditor/TransformGizmo/PlaneTranslationHandle.uasset" 361
"../../../Engine/Content/VREditor/TransformGizmo/RotationHandleFull.uasset" 362
"../../../Engine/Content/VREditor/TransformGizmo/RotationHandleIndicator.uasset" 363
"../../../Engine/Content/VREditor/TransformGizmo/RotationHandleQuarter.uasset" 364
"../../../Engine/Content/VREditor/TransformGizmo/Main.uasset" 365
"../../../Engine/Content/VREditor/TransformGizmo/Xray.uasset" 366
"../../../Engine/Content/VREditor/TransformGizmo/SM_Dialog_Close.uasset" 367
"../../../Engine/Content/VREditor/TransformGizmo/SM_Dialog_Move.uasset" 368
"../../../Engine/Content/VREditor/TransformGizmo/SM_Sequencer_Key.uasset" 369
"../../../Engine/Content/VREditor/TransformGizmo/SM_Sequencer_Node.uasset" 370
"../../../Engine/Content/VREditor/TransformGizmo/StartRotationHandleIndicator.uasset" 371
"../../../Engine/Content/VREditor/TransformGizmo/TranslucentTransformGizmoMaterial_Inst.uasset" 372
"../../../Engine/Content/VREditor/TransformGizmo/TransformGizmoFreeRotation.uasset" 373
"../../../Engine/Content/VREditor/TransformGizmo/TransformGizmoMaterial_Inst.uasset" 374
"../../../Engine/Content/VREditor/TransformGizmo/TranslateArrowHandle.uasset" 375
"../../../Engine/Content/VREditor/TransformGizmo/UniformScaleHandle.uasset" 376
"../../../Engine/Content/VREditor/UI/KeyDiskMaterial.uasset" 377
"../../../Engine/Content/VREditor/UI/DiscMaterial.uasset" 378
"../../../Engine/Content/VREditor/UI/SM_Radial_Disk.uasset" 379
"../../../Engine/Content/Functions/Engine_MaterialFunctions01/Gradient/RadialGradient.uasset" 380
"../../../Engine/Content/VREditor/WorldMovementGrid/SimpleGrid.uasset" 381
"../../../Engine/Content/VREditor/WorldMovementGrid/GridMaterial.uasset" 382
"../../../Engine/Content/Functions/Engine_MaterialFunctions01/Density/ExponentialDensity.uasset" 383
"../../../Engine/Content/VREditor/WorldMovementGrid/GridPostProcess.uasset" 384
"../../../Engine/Content/EditorLandscapeResources/FlattenHeightMat.uasset" 385
"../../../Engine/Content/VREditor/WorldMovementGrid/PlaneMesh.uasset" 386
"../../../Xuntos/Content/Xuntos/BluePrint/Enemy/Boss/BP_Boss.uasset" 387
"../../../Xuntos/Content/Xuntos/Sprite/Menus/HUD/EnemyHealthBar.uasset" 388
"../../../Xuntos/Content/Xuntos/BluePrint/Widgets/BP_BossHealthBar.uasset" 389
"../../../Xuntos/Content/Xuntos/Sound/Goku/gokuHit1.uasset" 390
"../../../Xuntos/Content/Xuntos/Sound/Goku/gokuHit2.uasset" 391
"../../../Xuntos/Content/Xuntos/Sound/Goku/gokuHit3.uasset" 392
"../../../Xuntos/Content/Xuntos/Sound/Goku/gokuHurt1.uasset" 393
"../../../Xuntos/Content/Xuntos/Sound/Goku/gokuHurt2.uasset" 394
"../../../Xuntos/Content/Xuntos/Sound/Goku/gokuHurt3.uasset" 395
"../../../Xuntos/Content/Xuntos/Sound/Goku/gokuKamehameha.uasset" 396
"../../../Engine/Plugins/2D/Paper2D/Content/PlaceholderTextures/DummySpriteTexture.uasset" 397
"../../../Engine/Plugins/2D/Paper2D/Content/DummySprite.uasset" 398
"../../../Engine/Plugins/2D/Paper2D/Content/DefaultPaperTerrainMaterial.uasset" 399
"../../../Engine/Plugins/2D/Paper2D/Content/DefaultSpriteMaterial.uasset" 400
"../../../Engine/Plugins/2D/Paper2D/Content/MaskedUnlitSpriteMaterial.uasset" 401
"../../../Engine/Plugins/2D/Paper2D/Content/OpaqueUnlitSpriteMaterial.uasset" 402
"../../../Engine/Plugins/Media/MediaCompositing/Content/DefaultMediaPlaneMaterial.uasset" 403
"../../../Engine/Content/Functions/Engine_MaterialFunctions02/Utility/MakeFloat4.uasset" 404
"../../../Engine/Plugins/Runtime/AppleARKit/Content/ARKitCameraMaterial.uasset" 405
"../../../Engine/Plugins/Runtime/Oculus/OculusVR/Content/Textures/GearVRController_AO.uasset" 406
"../../../Engine/Plugins/Runtime/Oculus/OculusVR/Content/Textures/GearVRController_Color.uasset" 407
"../../../Engine/Plugins/Runtime/Oculus/OculusVR/Content/Textures/GearVRController_Normal.uasset" 408
"../../../Engine/Plugins/Runtime/Oculus/OculusVR/Content/Materials/GearVRControllerMaterial.uasset" 409
"../../../Engine/Plugins/Runtime/Oculus/OculusVR/Content/Meshes/GearVrController.uasset" 410
"../../../Xuntos/Content/Xuntos/Sprite/Pterodactyl/SHT_Pterodactyl.uasset" 411
"../../../Xuntos/Content/Xuntos/Sprite/Pterodactyl/SHT_Pterodactyl_Sprite_17.uasset" 412
"../../../Xuntos/Content/Xuntos/Sprite/Pterodactyl/SHT_Pterodactyl_Sprite_18.uasset" 413
"../../../Xuntos/Content/Xuntos/Sprite/Pterodactyl/SHT_Pterodactyl_Sprite_19.uasset" 414
"../../../Xuntos/Content/Xuntos/Sprite/Pterodactyl/SHT_Pterodactyl_Sprite_22.uasset" 415
"../../../Xuntos/Content/Xuntos/Flipbook/PteroFlipbook/BombPtero.uasset" 416
"../../../Xuntos/Content/Xuntos/Sprite/Pterodactyl/SHT_Pterodactyl_Sprite_40.uasset" 417
"../../../Xuntos/Content/Xuntos/Sprite/Pterodactyl/SHT_Pterodactyl_Sprite_41.uasset" 418
"../../../Xuntos/Content/Xuntos/Sprite/Pterodactyl/SHT_Pterodactyl_Sprite_42.uasset" 419
"../../../Xuntos/Content/Xuntos/Sprite/Pterodactyl/SHT_Pterodactyl_Sprite_43.uasset" 420
"../../../Xuntos/Content/Xuntos/Sprite/Pterodactyl/SHT_Pterodactyl_Sprite_44.uasset" 421
"../../../Xuntos/Content/Xuntos/Sprite/Pterodactyl/SHT_Pterodactyl_Sprite_45.uasset" 422
"../../../Xuntos/Content/Xuntos/Sprite/Pterodactyl/SHT_Pterodactyl_Sprite_46.uasset" 423
"../../../Xuntos/Content/Xuntos/Sprite/Pterodactyl/SHT_Pterodactyl_Sprite_47.uasset" 424
"../../../Xuntos/Content/Xuntos/Flipbook/PteroFlipbook/ExplosionPtero.uasset" 425
"../../../Engine/Content/Maps/Entry.umap" 426
"../../../Xuntos/Content/Xuntos/BluePrint/BP_TimeHandler.uasset" 427
"../../../Xuntos/Content/Xuntos/Sprite/goku/SHT_Goku.uasset" 428
"../../../Xuntos/Content/Xuntos/Sprite/goku/Kamehameha.uasset" 429
"../../../Xuntos/Content/Xuntos/BluePrint/AttackPlayer/BP_KamehamehaAttack.uasset" 430
"../../../Xuntos/Content/Xuntos/BluePrint/AttackPlayer/BP_MeleeAttack.uasset" 431
"../../../Xuntos/Content/Xuntos/BluePrint/Enum/AttackState.uasset" 432
"../../../Xuntos/Content/Xuntos/BluePrint/Enum/characterState.uasset" 433
"../../../Xuntos/Content/Xuntos/Sprite/Menus/HUD/CharacterGauge.uasset" 434
"../../../Xuntos/Content/Xuntos/BluePrint/Widgets/BP_CharacterHUD.uasset" 435
"../../../Xuntos/Content/Xuntos/Sprite/goku/SHT_Goku_Sprite_180.uasset" 436
"../../../Xuntos/Content/Xuntos/Flipbook/GokuFlipbook/GokuDead.uasset" 437
"../../../Xuntos/Content/Xuntos/Sprite/goku/SHT_Goku_Sprite_169.uasset" 438
"../../../Xuntos/Content/Xuntos/Sprite/goku/SHT_Goku_Sprite_170.uasset" 439
"../../../Xuntos/Content/Xuntos/Sprite/goku/SHT_Goku_Sprite_172.uasset" 440
"../../../Xuntos/Content/Xuntos/Sprite/goku/SHT_Goku_Sprite_174.uasset" 441
"../../../Xuntos/Content/Xuntos/Sprite/goku/SHT_Goku_Sprite_176.uasset" 442
"../../../Xuntos/Content/Xuntos/Sprite/goku/SHT_Goku_Sprite_178.uasset" 443
"../../../Xuntos/Content/Xuntos/Sprite/goku/SHT_Goku_Sprite_179.uasset" 444
"../../../Xuntos/Content/Xuntos/Sprite/goku/SHT_Goku_Sprite_182.uasset" 445
"../../../Xuntos/Content/Xuntos/Sprite/goku/SHT_Goku_Sprite_183.uasset" 446
"../../../Xuntos/Content/Xuntos/Sprite/goku/SHT_Goku_Sprite_184.uasset" 447
"../../../Xuntos/Content/Xuntos/Sprite/goku/SHT_Goku_Sprite_186.uasset" 448
"../../../Xuntos/Content/Xuntos/Flipbook/GokuFlipbook/GokuHit.uasset" 449
"../../../Xuntos/Content/Xuntos/Sprite/goku/SHT_Goku_Sprite_12.uasset" 450
"../../../Xuntos/Content/Xuntos/Sprite/goku/SHT_Goku_Sprite_13.uasset" 451
"../../../Xuntos/Content/Xuntos/Sprite/goku/SHT_Goku_Sprite_15.uasset" 452
"../../../Xuntos/Content/Xuntos/Sprite/goku/SHT_Goku_Sprite_16.uasset" 453
"../../../Xuntos/Content/Xuntos/Sprite/goku/SHT_Goku_Sprite_17.uasset" 454
"../../../Xuntos/Content/Xuntos/Sprite/goku/SHT_Goku_Sprite_19.uasset" 455
"../../../Xuntos/Content/Xuntos/Flipbook/GokuFlipbook/GokuIdle.uasset" 456
"../../../Xuntos/Content/Xuntos/Sprite/goku/SHT_Goku_Sprite_0.uasset" 457
"../../../Xuntos/Content/Xuntos/Sprite/goku/SHT_Goku_Sprite_3.uasset" 458
"../../../Xuntos/Content/Xuntos/Sprite/goku/SHT_Goku_Sprite_4.uasset" 459
"../../../Xuntos/Content/Xuntos/Sprite/goku/SHT_Goku_Sprite_5.uasset" 460
"../../../Xuntos/Content/Xuntos/Sprite/goku/SHT_Goku_Sprite_7.uasset" 461
"../../../Xuntos/Content/Xuntos/Sprite/goku/SHT_Goku_Sprite_8.uasset" 462
"../../../Xuntos/Content/Xuntos/Flipbook/GokuFlipbook/GokuJump.uasset" 463
"../../../Xuntos/Content/Xuntos/Sprite/goku/SHT_Goku_Sprite_143.uasset" 464
"../../../Xuntos/Content/Xuntos/Sprite/goku/SHT_Goku_Sprite_144.uasset" 465
"../../../Xuntos/Content/Xuntos/Sprite/goku/SHT_Goku_Sprite_146.uasset" 466
"../../../Xuntos/Content/Xuntos/Sprite/goku/SHT_Goku_Sprite_147.uasset" 467
"../../../Xuntos/Content/Xuntos/Sprite/goku/SHT_Goku_Sprite_149.uasset" 468
"../../../Xuntos/Content/Xuntos/Sprite/goku/SHT_Goku_Sprite_151.uasset" 469
"../../../Xuntos/Content/Xuntos/Sprite/goku/SHT_Goku_Sprite_153.uasset" 470
"../../../Xuntos/Content/Xuntos/Flipbook/GokuFlipbook/GokuJumpHit1.uasset" 471
"../../../Xuntos/Content/Xuntos/Sprite/goku/SHT_Goku_Sprite_154.uasset" 472
"../../../Xuntos/Content/Xuntos/Sprite/goku/SHT_Goku_Sprite_155.uasset" 473
"../../../Xuntos/Content/Xuntos/Sprite/goku/SHT_Goku_Sprite_156.uasset" 474
"../../../Xuntos/Content/Xuntos/Sprite/goku/SHT_Goku_Sprite_157.uasset" 475
"../../../Xuntos/Content/Xuntos/Flipbook/GokuFlipbook/GokuJumpKick1.uasset" 476
"../../../Xuntos/Content/Xuntos/Sprite/goku/SHT_Goku_Sprite_164.uasset" 477
"../../../Xuntos/Content/Xuntos/Sprite/goku/SHT_Goku_Sprite_165.uasset" 478
"../../../Xuntos/Content/Xuntos/Sprite/goku/SHT_Goku_Sprite_166.uasset" 479
"../../../Xuntos/Content/Xuntos/Sprite/goku/SHT_Goku_Sprite_167.uasset" 480
"../../../Xuntos/Content/Xuntos/Sprite/goku/SHT_Goku_Sprite_168.uasset" 481
"../../../Xuntos/Content/Xuntos/Flipbook/GokuFlipbook/GokuJumpKick2.uasset" 482
"../../../Xuntos/Content/Xuntos/Sprite/goku/SHT_Goku_Sprite_368.uasset" 483
"../../../Xuntos/Content/Xuntos/Sprite/goku/SHT_Goku_Sprite_369.uasset" 484
"../../../Xuntos/Content/Xuntos/Sprite/goku/SHT_Goku_Sprite_370.uasset" 485
"../../../Xuntos/Content/Xuntos/Sprite/goku/SHT_Goku_Sprite_372.uasset" 486
"../../../Xuntos/Content/Xuntos/Sprite/goku/SHT_Goku_Sprite_374.uasset" 487
"../../../Xuntos/Content/Xuntos/Flipbook/GokuFlipbook/GokuKamehamehaStraight.uasset" 488
"../../../Xuntos/Content/Xuntos/Sprite/goku/SHT_Goku_Sprite_34.uasset" 489
"../../../Xuntos/Content/Xuntos/Sprite/goku/SHT_Goku_Sprite_36.uasset" 490
"../../../Xuntos/Content/Xuntos/Sprite/goku/SHT_Goku_Sprite_38.uasset" 491
"../../../Xuntos/Content/Xuntos/Sprite/goku/SHT_Goku_Sprite_40.uasset" 492
"../../../Xuntos/Content/Xuntos/Sprite/goku/SHT_Goku_Sprite_42.uasset" 493
"../../../Xuntos/Content/Xuntos/Sprite/goku/SHT_Goku_Sprite_44.uasset" 494
"../../../Xuntos/Content/Xuntos/Sprite/goku/SHT_Goku_Sprite_45.uasset" 495
"../../../Xuntos/Content/Xuntos/Sprite/goku/SHT_Goku_Sprite_46.uasset" 496
"../../../Xuntos/Content/Xuntos/Sprite/goku/SHT_Goku_Sprite_47.uasset" 497
"../../../Xuntos/Content/Xuntos/Sprite/goku/SHT_Goku_Sprite_49.uasset" 498
"../../../Xuntos/Content/Xuntos/Flipbook/GokuFlipbook/GokuPunch1.uasset" 499
"../../../Xuntos/Content/Xuntos/Sprite/goku/SHT_Goku_Sprite_50.uasset" 500
"../../../Xuntos/Content/Xuntos/Sprite/goku/SHT_Goku_Sprite_51.uasset" 501
"../../../Xuntos/Content/Xuntos/Sprite/goku/SHT_Goku_Sprite_52.uasset" 502
"../../../Xuntos/Content/Xuntos/Sprite/goku/SHT_Goku_Sprite_53.uasset" 503
"../../../Xuntos/Content/Xuntos/Sprite/goku/SHT_Goku_Sprite_54.uasset" 504
"../../../Xuntos/Content/Xuntos/Sprite/goku/SHT_Goku_Sprite_55.uasset" 505
"../../../Xuntos/Content/Xuntos/Sprite/goku/SHT_Goku_Sprite_56.uasset" 506
"../../../Xuntos/Content/Xuntos/Sprite/goku/SHT_Goku_Sprite_57.uasset" 507
"../../../Xuntos/Content/Xuntos/Sprite/goku/SHT_Goku_Sprite_58.uasset" 508
"../../../Xuntos/Content/Xuntos/Flipbook/GokuFlipbook/GokuPunch2.uasset" 509
"../../../Xuntos/Content/Xuntos/Sprite/goku/SHT_Goku_Sprite_65.uasset" 510
"../../../Xuntos/Content/Xuntos/Sprite/goku/SHT_Goku_Sprite_67.uasset" 511
"../../../Xuntos/Content/Xuntos/Sprite/goku/SHT_Goku_Sprite_69.uasset" 512
"../../../Xuntos/Content/Xuntos/Sprite/goku/SHT_Goku_Sprite_70.uasset" 513
"../../../Xuntos/Content/Xuntos/Sprite/goku/SHT_Goku_Sprite_72.uasset" 514
"../../../Xuntos/Content/Xuntos/Sprite/goku/SHT_Goku_Sprite_74.uasset" 515
"../../../Xuntos/Content/Xuntos/Flipbook/GokuFlipbook/GokuPunch3.uasset" 516
"../../../Xuntos/Content/Xuntos/Sprite/goku/SHT_Goku_Sprite_115.uasset" 517
"../../../Xuntos/Content/Xuntos/Sprite/goku/SHT_Goku_Sprite_117.uasset" 518
"../../../Xuntos/Content/Xuntos/Sprite/goku/SHT_Goku_Sprite_118.uasset" 519
"../../../Xuntos/Content/Xuntos/Sprite/goku/SHT_Goku_Sprite_119.uasset" 520
"../../../Xuntos/Content/Xuntos/Sprite/goku/SHT_Goku_Sprite_121.uasset" 521
"../../../Xuntos/Content/Xuntos/Sprite/goku/SHT_Goku_Sprite_123.uasset" 522
"../../../Xuntos/Content/Xuntos/Sprite/goku/SHT_Goku_Sprite_124.uasset" 523
"../../../Xuntos/Content/Xuntos/Sprite/goku/SHT_Goku_Sprite_125.uasset" 524
"../../../Xuntos/Content/Xuntos/Flipbook/GokuFlipbook/GokuWalk.uasset" 525
"../../../Xuntos/Content/Xuntos/BluePrint/BP_Player.uasset" 526
"../../../Xuntos/Content/Xuntos/BluePrint/Enemy/CommunEnemy/BP_Enemy_Template.uasset" 527
"../../../Xuntos/Content/Xuntos/Sprite/Pterodactyl/SHT_Pterodactyl_Sprite_6.uasset" 528
"../../../Xuntos/Content/Xuntos/Sprite/Pterodactyl/SHT_Pterodactyl_Sprite_7.uasset" 529
"../../../Xuntos/Content/Xuntos/Sprite/Pterodactyl/SHT_Pterodactyl_Sprite_8.uasset" 530
"../../../Xuntos/Content/Xuntos/Flipbook/PteroFlipbook/AttackPtero.uasset" 531
"../../../Xuntos/Content/Xuntos/Sprite/Pterodactyl/SHT_Pterodactyl_Sprite_10.uasset" 532
"../../../Xuntos/Content/Xuntos/Sprite/Pterodactyl/SHT_Pterodactyl_Sprite_11.uasset" 533
"../../../Xuntos/Content/Xuntos/Sprite/Pterodactyl/SHT_Pterodactyl_Sprite_12.uasset" 534
"../../../Xuntos/Content/Xuntos/Sprite/Pterodactyl/SHT_Pterodactyl_Sprite_13.uasset" 535
"../../../Xuntos/Content/Xuntos/Sprite/Pterodactyl/SHT_Pterodactyl_Sprite_14.uasset" 536
"../../../Xuntos/Content/Xuntos/Sprite/Pterodactyl/SHT_Pterodactyl_Sprite_15.uasset" 537
"../../../Xuntos/Content/Xuntos/Sprite/Pterodactyl/SHT_Pterodactyl_Sprite_9.uasset" 538
"../../../Xuntos/Content/Xuntos/Flipbook/PteroFlipbook/DeadPtero.uasset" 539
"../../../Xuntos/Content/Xuntos/Flipbook/PteroFlipbook/DeadPteroFix.uasset" 540
"../../../Xuntos/Content/Xuntos/Flipbook/PteroFlipbook/HitPtero.uasset" 541
"../../../Xuntos/Content/Xuntos/Sprite/Pterodactyl/SHT_Pterodactyl_Sprite_0.uasset" 542
"../../../Xuntos/Content/Xuntos/Sprite/Pterodactyl/SHT_Pterodactyl_Sprite_1.uasset" 543
"../../../Xuntos/Content/Xuntos/Sprite/Pterodactyl/SHT_Pterodactyl_Sprite_2.uasset" 544
"../../../Xuntos/Content/Xuntos/Sprite/Pterodactyl/SHT_Pterodactyl_Sprite_3.uasset" 545
"../../../Xuntos/Content/Xuntos/Sprite/Pterodactyl/SHT_Pterodactyl_Sprite_4.uasset" 546
"../../../Xuntos/Content/Xuntos/Sprite/Pterodactyl/SHT_Pterodactyl_Sprite_5.uasset" 547
"../../../Xuntos/Content/Xuntos/Flipbook/PteroFlipbook/WalkingPtero.uasset" 548
"../../../Xuntos/Content/Xuntos/Sprite/Wolf/Wolf_Sprite_19.uasset" 549
"../../../Xuntos/Content/Xuntos/Sprite/Wolf/Wolf_Sprite_20.uasset" 550
"../../../Xuntos/Content/Xuntos/Sprite/Wolf/Wolf_Sprite_21.uasset" 551
"../../../Xuntos/Content/Xuntos/Sprite/Wolf/Wolf_Sprite_22.uasset" 552
"../../../Xuntos/Content/Xuntos/Sprite/Wolf/Wolf_Sprite_23.uasset" 553
"../../../Xuntos/Content/Xuntos/Sprite/Wolf/Wolf_Sprite_24.uasset" 554
"../../../Xuntos/Content/Xuntos/Sprite/Wolf/Wolf_Sprite_25.uasset" 555
"../../../Xuntos/Content/Xuntos/Sprite/Wolf/Wolf_Sprite_26.uasset" 556
"../../../Xuntos/Content/Xuntos/Flipbook/WolfFlipbook/AttackHeavyWolf.uasset" 557
"../../../Xuntos/Content/Xuntos/BluePrint/Enemy/CommunEnemy/BP_Ptero.uasset" 558
"../../../Xuntos/Content/Xuntos/Sprite/Wolf/Wolf_Sprite_12.uasset" 559
"../../../Xuntos/Content/Xuntos/Sprite/Wolf/Wolf_Sprite_13.uasset" 560
"../../../Xuntos/Content/Xuntos/Sprite/Wolf/Wolf_Sprite_14.uasset" 561
"../../../Xuntos/Content/Xuntos/Sprite/Wolf/Wolf_Sprite_15.uasset" 562
"../../../Xuntos/Content/Xuntos/Sprite/Wolf/Wolf_Sprite_16.uasset" 563
"../../../Xuntos/Content/Xuntos/Sprite/Wolf/Wolf_Sprite_17.uasset" 564
"../../../Xuntos/Content/Xuntos/Sprite/Wolf/Wolf_Sprite_18.uasset" 565
"../../../Xuntos/Content/Xuntos/Flipbook/WolfFlipbook/AttackLightWolf.uasset" 566
"../../../Xuntos/Content/Xuntos/Sprite/Wolf/Wolf_Sprite_27.uasset" 567
"../../../Xuntos/Content/Xuntos/Sprite/Wolf/Wolf_Sprite_28.uasset" 568
"../../../Xuntos/Content/Xuntos/Sprite/Wolf/Wolf_Sprite_29.uasset" 569
"../../../Xuntos/Content/Xuntos/Sprite/Wolf/Wolf_Sprite_30.uasset" 570
"../../../Xuntos/Content/Xuntos/Sprite/Wolf/Wolf_Sprite_31.uasset" 571
"../../../Xuntos/Content/Xuntos/Sprite/Wolf/SHT_Wolf.uasset" 572
"../../../Xuntos/Content/Xuntos/Sprite/Wolf/Wolf_Sprite_32.uasset" 573
"../../../Xuntos/Content/Xuntos/Sprite/Wolf/Wolf_Sprite_33.uasset" 574
"../../../Xuntos/Content/Xuntos/Flipbook/WolfFlipbook/HitWolf.uasset" 575
"../../../Xuntos/Content/Xuntos/Sprite/Wolf/Wolf_Sprite_10.uasset" 576
"../../../Xuntos/Content/Xuntos/Sprite/Wolf/Wolf_Sprite_11.uasset" 577
"../../../Xuntos/Content/Xuntos/Sprite/Wolf/Wolf_Sprite_6.uasset" 578
"../../../Xuntos/Content/Xuntos/Sprite/Wolf/Wolf_Sprite_7.uasset" 579
"../../../Xuntos/Content/Xuntos/Sprite/Wolf/Wolf_Sprite_8.uasset" 580
"../../../Xuntos/Content/Xuntos/Sprite/Wolf/Wolf_Sprite_9.uasset" 581
"../../../Xuntos/Content/Xuntos/Flipbook/WolfFlipbook/WalkingWolf.uasset" 582
"../../../Xuntos/Content/Xuntos/Flipbook/WolfFlipbook/WolfDeath.uasset" 583
"../../../Xuntos/Content/Xuntos/BluePrint/Enemy/CommunEnemy/BP_Wolf.uasset" 584
"../../../Xuntos/Content/Xuntos/BluePrint/GameMode/2DSideScrollerGameMode.uasset" 585
"../../../Xuntos/Content/Xuntos/Map/NiveauTest_BuiltData.uasset" 586
"../../../Xuntos/Content/Xuntos/TileSets/Generic/generic_platformer_tiles.uasset" 587
"../../../Xuntos/Content/Xuntos/TileSets/Generic/generic_platformer_tiles_TileSet.uasset" 588
"../../../Xuntos/Content/Xuntos/TileSets/TileMaps/DemoLevelMap.uasset" 589
"../../../Xuntos/Content/Xuntos/Map/NiveauTest.umap" 590
